========================================
Email Check: 2026-03-14 21:27
========================================

--- simon@merkler00t.com ---
Total messages: 11286
Unread: 10841
Today: 2

Last 3 emails:
  - LibreLinkUp <do-not-reply@libreview.io>: Sharing invitation
  - LibreLinkUp <do-not-reply@libreview.io>: Sharing invitation
  - Ahmed Shahid <ahmedshahid+1mcctbdq@techg: Time to ELEVATE your BUSINESS!!!
✓ Check completed successfully

--- spuriousdragon@gmail.com ---
Gmail check requires OAuth token refresh
Status: Pending OAuth re-authentication

========================================
Check completed at 21:27
========================================

========================================
Email Check: 2026-03-15 14:00
========================================

--- simon@merkler00t.com ---
✗ Error: name 'datetime' is not defined

--- spuriousdragon@gmail.com (Gmail) ---
✗ Error: Expecting value: line 1 column 1 (char 0)

========================================
Completed at 14:00

========================================
Email Check: 2026-03-16 14:00
========================================

--- simon@merkler00t.com ---
✗ Error: name 'datetime' is not defined

--- spuriousdragon@gmail.com (Gmail) ---
✗ Error: Expecting value: line 1 column 1 (char 0)

========================================
Completed at 14:00

========================================
Email Check: 2026-03-17 14:00
========================================

--- simon@merkler00t.com ---
✗ Error: name 'datetime' is not defined

--- spuriousdragon@gmail.com (Gmail) ---
✗ Error: Expecting value: line 1 column 1 (char 0)

========================================
Completed at 14:00

========================================
Email Check: 2026-03-18 14:00
========================================

--- simon@merkler00t.com ---
✗ Error: name 'datetime' is not defined

--- spuriousdragon@gmail.com (Gmail) ---
✗ Error: Expecting value: line 1 column 1 (char 0)

========================================
Completed at 14:00

========================================
Email Check: 2026-03-19 14:00
========================================

--- simon@merkler00t.com ---
✗ Error: name 'datetime' is not defined

--- spuriousdragon@gmail.com (Gmail) ---
✗ Error: Expecting value: line 1 column 1 (char 0)

========================================
Completed at 14:00

