============================================================
TWITTER API CREDIT STATUS
============================================================
Initial Balance:    $5.00
Searches:           0 ($0.00)
Posts:              0 ($0.00)
Total Used:         $0.00
Remaining:          $5.00

Estimated remaining:
  Searches: ~38
  Posts:    ~100

✅ Balance healthy
============================================================
============================================================
TWITTER API CREDIT STATUS
============================================================
Initial Balance:    $5.00
Searches:           0 ($0.00)
Posts:              0 ($0.00)
Total Used:         $0.00
Remaining:          $5.00

Estimated remaining:
  Searches: ~38
  Posts:    ~100

✅ Balance healthy
============================================================
============================================================
TWITTER API CREDIT STATUS
============================================================
Initial Balance:    $5.00
Searches:           1 ($0.13)
Posts:              1 ($0.05)
Total Used:         $0.18
Remaining:          $4.82

Estimated remaining:
  Searches: ~37
  Posts:    ~96

✅ Balance healthy
============================================================
============================================================
TWITTER API CREDIT STATUS
============================================================
Initial Balance:    $5.00
Searches:           1 ($0.13)
Posts:              2 ($0.10)
Total Used:         $0.23
Remaining:          $4.77

Estimated remaining:
  Searches: ~36
  Posts:    ~95

✅ Balance healthy
============================================================
============================================================
TWITTER API CREDIT STATUS
============================================================
Initial Balance:    $5.00
Searches:           1 ($0.13)
Posts:              4 ($0.20)
Total Used:         $0.33
Remaining:          $4.67

Estimated remaining:
  Searches: ~35
  Posts:    ~93

✅ Balance healthy
============================================================
============================================================
TWITTER API CREDIT STATUS
============================================================
Initial Balance:    $5.00
Searches:           1 ($0.13)
Posts:              4 ($0.20)
Total Used:         $0.33
Remaining:          $4.67

Estimated remaining:
  Searches: ~35
  Posts:    ~93

✅ Balance healthy
============================================================
============================================================
TWITTER API CREDIT STATUS
============================================================
Initial Balance:    $5.00
Searches:           1 ($0.13)
Posts:              4 ($0.20)
Total Used:         $0.33
Remaining:          $4.67

Estimated remaining:
  Searches: ~35
  Posts:    ~93

✅ Balance healthy
============================================================
